effective scalac options: List(-Xplugin:/home/shauryaps/.cache/coursier/v1/https/repo1.maven.org/maven2/org/chipsalliance/chisel-plugin_2.13.12/6.7.0/chisel-plugin_2.13.12-6.7.0.jar, -unchecked, -deprecation, -language:reflectiveCalls, -feature, -Xcheckinit, -Ywarn-dead-code, -Ywarn-unused, -Xplugin:/home/shauryaps/.cache/coursier/v1/https/repo1.maven.org/maven2/org/scalameta/semanticdb-scalac_2.13.12/4.8.11/semanticdb-scalac_2.13.12-4.8.11.jar, -Yrangepos, -P:semanticdb:sourceroot:/home/shauryaps/USER-mmu, -Ystop-after:semanticdb-typer)
effective javac options: List(-Xplugin:semanticdb -sourceroot:/home/shauryaps/USER-mmu -targetroot:/home/shauryaps/USER-mmu/out/mmu/semanticDbData.dest/classes -build-tool:mill, -J--add-exports, -Jjdk.compiler/com.sun.tools.javac.api=ALL-UNNAMED, -J--add-exports, -Jjdk.compiler/com.sun.tools.javac.code=ALL-UNNAMED, -J--add-exports, -Jjdk.compiler/com.sun.tools.javac.model=ALL-UNNAMED, -J--add-exports, -Jjdk.compiler/com.sun.tools.javac.tree=ALL-UNNAMED, -J--add-exports, -Jjdk.compiler/com.sun.tools.javac.util=ALL-UNNAMED)
[0m[[0m[0minfo[0m] [0m[0mcompiling 6 Scala sources to /home/shauryaps/USER-mmu/out/mmu/semanticDbData.dest/classes ...[0m
[0m[[0m[31merror[0m] [0m[0m/home/shauryaps/USER-mmu/src/main/scala/Exceptions.scala:11:17: object header is not a member of package redefine[0m
[0m[[0m[31merror[0m] [0m[0mimport redefine.header.kernelSections.KernelSectionConst[0m
[0m[[0m[31merror[0m] [0m[0m                ^[0m
[0m[[0m[31merror[0m] [0m[0m/home/shauryaps/USER-mmu/src/main/scala/Exceptions.scala:12:17: object header is not a member of package redefine[0m
[0m[[0m[31merror[0m] [0m[0mimport redefine.header.{CrLoc, FabricKey}[0m
[0m[[0m[31merror[0m] [0m[0m                ^[0m
[0m[[0m[31merror[0m] [0m[0m/home/shauryaps/USER-mmu/src/main/scala/Exceptions.scala:30:24: not found: value FabricKey[0m
[0m[[0m[31merror[0m] [0m[0m  val fabricParams = p(FabricKey)[0m
[0m[[0m[31merror[0m] [0m[0m                       ^[0m
[0m[[0m[31merror[0m] [0m[0m/home/shauryaps/USER-mmu/src/main/scala/Exceptions.scala:36:29: not found: type CrLoc[0m
[0m[[0m[31merror[0m] [0m[0m      val phyCrId     = new CrLoc(yWidth = fabricParams.yWidth, xWidth = fabricParams.xWidth)[0m
[0m[[0m[31merror[0m] [0m[0m                            ^[0m
[0m[[0m[31merror[0m] [0m[0m/home/shauryaps/USER-mmu/src/main/scala/Exceptions.scala:36:35: not found: value yWidth[0m
[0m[[0m[31merror[0m] [0m[0m      val phyCrId     = new CrLoc(yWidth = fabricParams.yWidth, xWidth = fabricParams.xWidth)[0m
[0m[[0m[31merror[0m] [0m[0m                                  ^[0m
[0m[[0m[31merror[0m] [0m[0m/home/shauryaps/USER-mmu/src/main/scala/Exceptions.scala:36:65: not found: value xWidth[0m
[0m[[0m[31merror[0m] [0m[0m      val phyCrId     = new CrLoc(yWidth = fabricParams.yWidth, xWidth = fabricParams.xWidth)[0m
[0m[[0m[31merror[0m] [0m[0m                                                                ^[0m
[0m[[0m[31merror[0m] [0m[0m/home/shauryaps/USER-mmu/src/main/scala/Exceptions.scala:37:30: not found: value KernelSectionConst[0m
[0m[[0m[31merror[0m] [0m[0m      val logicalAddr = UInt(KernelSectionConst.kernelAddrWidth.W)[0m
[0m[[0m[31merror[0m] [0m[0m                             ^[0m
[0m[[0m[33mwarn[0m] [0m[0m/home/shauryaps/USER-mmu/src/main/scala/Exceptions.scala:11:39: Unused import[0m
[0m[[0m[33mwarn[0m] [0m[0mimport redefine.header.kernelSections.KernelSectionConst[0m
[0m[[0m[33mwarn[0m] [0m[0m                                      ^[0m
[0m[[0m[33mwarn[0m] [0m[0m/home/shauryaps/USER-mmu/src/main/scala/Exceptions.scala:12:25: Unused import[0m
[0m[[0m[33mwarn[0m] [0m[0mimport redefine.header.{CrLoc, FabricKey}[0m
[0m[[0m[33mwarn[0m] [0m[0m                        ^[0m
[0m[[0m[33mwarn[0m] [0m[0m/home/shauryaps/USER-mmu/src/main/scala/Exceptions.scala:12:32: Unused import[0m
[0m[[0m[33mwarn[0m] [0m[0mimport redefine.header.{CrLoc, FabricKey}[0m
[0m[[0m[33mwarn[0m] [0m[0m                               ^[0m
[0m[[0m[31merror[0m] [0m[0m/home/shauryaps/USER-mmu/src/main/scala/MMU.scala:10:17: object header is not a member of package redefine[0m
[0m[[0m[31merror[0m] [0m[0mimport redefine.header.abi.{MMUKernelInfoEntry, MMUSegmentInfoEntry}[0m
[0m[[0m[31merror[0m] [0m[0m                ^[0m
[0m[[0m[31merror[0m] [0m[0m/home/shauryaps/USER-mmu/src/main/scala/MMU.scala:11:17: object header is not a member of package redefine[0m
[0m[[0m[31merror[0m] [0m[0mimport redefine.header.kernelSections._[0m
[0m[[0m[31merror[0m] [0m[0m                ^[0m
[0m[[0m[31merror[0m] [0m[0m/home/shauryaps/USER-mmu/src/main/scala/MMU.scala:12:17: object header is not a member of package redefine[0m
[0m[[0m[31merror[0m] [0m[0mimport redefine.header.{FabricIOKey, FabricKey, FabricSize}[0m
[0m[[0m[31merror[0m] [0m[0m                ^[0m
[0m[[0m[33mwarn[0m] [0m[0m/home/shauryaps/USER-mmu/src/main/scala/MMU.scala:10:29: Unused import[0m
[0m[[0m[33mwarn[0m] [0m[0mimport redefine.header.abi.{MMUKernelInfoEntry, MMUSegmentInfoEntry}[0m
[0m[[0m[33mwarn[0m] [0m[0m                            ^[0m
[0m[[0m[33mwarn[0m] [0m[0m/home/shauryaps/USER-mmu/src/main/scala/MMU.scala:10:49: Unused import[0m
[0m[[0m[33mwarn[0m] [0m[0mimport redefine.header.abi.{MMUKernelInfoEntry, MMUSegmentInfoEntry}[0m
[0m[[0m[33mwarn[0m] [0m[0m                                                ^[0m
[0m[[0m[33mwarn[0m] [0m[0m/home/shauryaps/USER-mmu/src/main/scala/MMU.scala:11:39: Unused import[0m
[0m[[0m[33mwarn[0m] [0m[0mimport redefine.header.kernelSections._[0m
[0m[[0m[33mwarn[0m] [0m[0m                                      ^[0m
[0m[[0m[33mwarn[0m] [0m[0m/home/shauryaps/USER-mmu/src/main/scala/MMU.scala:12:25: Unused import[0m
[0m[[0m[33mwarn[0m] [0m[0mimport redefine.header.{FabricIOKey, FabricKey, FabricSize}[0m
[0m[[0m[33mwarn[0m] [0m[0m                        ^[0m
[0m[[0m[33mwarn[0m] [0m[0m/home/shauryaps/USER-mmu/src/main/scala/MMU.scala:12:38: Unused import[0m
[0m[[0m[33mwarn[0m] [0m[0mimport redefine.header.{FabricIOKey, FabricKey, FabricSize}[0m
[0m[[0m[33mwarn[0m] [0m[0m                                     ^[0m
[0m[[0m[33mwarn[0m] [0m[0m/home/shauryaps/USER-mmu/src/main/scala/MMU.scala:12:49: Unused import[0m
[0m[[0m[33mwarn[0m] [0m[0mimport redefine.header.{FabricIOKey, FabricKey, FabricSize}[0m
[0m[[0m[33mwarn[0m] [0m[0m                                                ^[0m
[0m[[0m[33mwarn[0m] [0m[0m/home/shauryaps/USER-mmu/src/main/scala/MMU.scala:14:22: Unused import[0m
[0m[[0m[33mwarn[0m] [0m[0mimport redefine.util.DynLockingArbiter[0m
[0m[[0m[33mwarn[0m] [0m[0m                     ^[0m
[0m[[0m[33mwarn[0m] [0m[0m/home/shauryaps/USER-mmu/src/main/scala/MMU.scala:168:60: Unused import[0m
[0m[[0m[33mwarn[0m] [0m[0m  import redefine.header.kernelSections.KernelSectionConst._[0m
[0m[[0m[33mwarn[0m] [0m[0m                                                           ^[0m
[0m[[0m[33mwarn[0m] [0m[0m/home/shauryaps/USER-mmu/src/main/scala/Parameters.scala:8:24: Unused import[0m
[0m[[0m[33mwarn[0m] [0m[0mimport redefine.header.FabricKey[0m
[0m[[0m[33mwarn[0m] [0m[0m                       ^[0m
[0m[[0m[33mwarn[0m] [0m[0m/home/shauryaps/USER-mmu/src/main/scala/Parameters.scala:9:28: Unused import[0m
[0m[[0m[33mwarn[0m] [0m[0mimport redefine.header.abi.MMUSegmentInfoEntry[0m
[0m[[0m[33mwarn[0m] [0m[0m                           ^[0m
[0m[[0m[33mwarn[0m] [0m[0m/home/shauryaps/USER-mmu/src/main/scala/Parameters.scala:10:39: Unused import[0m
[0m[[0m[33mwarn[0m] [0m[0mimport redefine.header.kernelSections.KernelSectionScopeType[0m
[0m[[0m[33mwarn[0m] [0m[0m                                      ^[0m
[0m[[0m[33mwarn[0m] [0m[0m/home/shauryaps/USER-mmu/src/main/scala/Parameters.scala:39:60: Unused import[0m
[0m[[0m[33mwarn[0m] [0m[0m  import redefine.header.kernelSections.KernelSectionConst._[0m
[0m[[0m[33mwarn[0m] [0m[0m                                                           ^[0m
[0m[[0m[33mwarn[0m] [0m[0m/home/shauryaps/USER-mmu/src/main/scala/Parameters.scala:137:9: local val segCeId in method getPhyAddrFromLogicalAddr is never used[0m
[0m[[0m[33mwarn[0m] [0m[0m    val segCeId = Mux(sectionScope === KernelSectionScopeType.PRIVATE, tmpCeId, 0.U)[0m
[0m[[0m[33mwarn[0m] [0m[0m        ^[0m
[0m[[0m[33mwarn[0m] [0m[0m/home/shauryaps/USER-mmu/src/main/scala/Parameters.scala:138:9: local val segCrId in method getPhyAddrFromLogicalAddr is never used[0m
[0m[[0m[33mwarn[0m] [0m[0m    val segCrId = Mux(sectionScope =/= KernelSectionScopeType.GLOBAL, linearLogicalCrId, 0.U)[0m
[0m[[0m[33mwarn[0m] [0m[0m        ^[0m
[0m[[0m[33mwarn[0m] [0m[0m/home/shauryaps/USER-mmu/src/main/scala/Parameters.scala:140:9: local val segNCes in method getPhyAddrFromLogicalAddr is never used[0m
[0m[[0m[33mwarn[0m] [0m[0m    val segNCes      = Mux(sectionScope === KernelSectionScopeType.PRIVATE, nCEs.U, 1.U)[0m
[0m[[0m[33mwarn[0m] [0m[0m        ^[0m
[0m[[0m[33mwarn[0m] [0m[0m/home/shauryaps/USER-mmu/src/main/scala/Parameters.scala:144:9: local val segSize in method getPhyAddrFromLogicalAddr is never used[0m
[0m[[0m[33mwarn[0m] [0m[0m    val segSize = segInfoEntry.size((log2Ceil(largeSegSize + 1) - log2Ceil(segmentGranularitySize)) - 1, 0)[0m
[0m[[0m[33mwarn[0m] [0m[0m        ^[0m
[0m[[0m[33mwarn[0m] [0m[0m/home/shauryaps/USER-mmu/src/main/scala/dut/MMU.scala:10:28: Unused import[0m
[0m[[0m[33mwarn[0m] [0m[0mimport redefine.header.abi.MMUKernelInfoEntry[0m
[0m[[0m[33mwarn[0m] [0m[0m                           ^[0m
[0m[[0m[33mwarn[0m] [0m[0m/home/shauryaps/USER-mmu/src/main/scala/dut/MMU.scala:11:25: Unused import[0m
[0m[[0m[33mwarn[0m] [0m[0mimport redefine.header.{FabricConfig, FabricIOKey, FabricKey}[0m
[0m[[0m[33mwarn[0m] [0m[0m                        ^[0m
[0m[[0m[33mwarn[0m] [0m[0m/home/shauryaps/USER-mmu/src/main/scala/dut/MMU.scala:11:39: Unused import[0m
[0m[[0m[33mwarn[0m] [0m[0mimport redefine.header.{FabricConfig, FabricIOKey, FabricKey}[0m
[0m[[0m[33mwarn[0m] [0m[0m                                      ^[0m
[0m[[0m[33mwarn[0m] [0m[0m/home/shauryaps/USER-mmu/src/main/scala/dut/MMU.scala:11:52: Unused import[0m
[0m[[0m[33mwarn[0m] [0m[0mimport redefine.header.{FabricConfig, FabricIOKey, FabricKey}[0m
[0m[[0m[33mwarn[0m] [0m[0m                                                   ^[0m
[0m[[0m[33mwarn[0m] [0m[0m/home/shauryaps/USER-mmu/src/main/scala/dut/MMU.scala:32:11: local val deviceMemAccessIntraCrSrcIdWidth in method applyOrElse is never used[0m
[0m[[0m[33mwarn[0m] [0m[0m      val deviceMemAccessIntraCrSrcIdWidth = here(FabricIOKey).deviceMemAccessIntraCrSrcIdWidth[0m
[0m[[0m[33mwarn[0m] [0m[0m          ^[0m
[0m[[0m[33mwarn[0m] [0m[0m/home/shauryaps/USER-mmu/src/main/scala/sim/SimMMU.scala:10:25: Unused import[0m
[0m[[0m[33mwarn[0m] [0m[0mimport redefine.header.{FabricIOKey, FabricKey}[0m
[0m[[0m[33mwarn[0m] [0m[0m                        ^[0m
[0m[[0m[33mwarn[0m] [0m[0m/home/shauryaps/USER-mmu/src/main/scala/sim/SimMMU.scala:10:38: Unused import[0m
[0m[[0m[33mwarn[0m] [0m[0mimport redefine.header.{FabricIOKey, FabricKey}[0m
[0m[[0m[33mwarn[0m] [0m[0m                                     ^[0m
[0m[[0m[33mwarn[0m] [0m[0m26 warnings found[0m
[0m[[0m[31merror[0m] [0m[0m84 errors found[0m
